1538066412209:help
1538066420081:send help
1538066507644:send
1538073396064:vento!
1538073403804:send vento!
1538073438462:help
1538073474776:send
1538075210509:send spring
1538078972026:send asdf
1538078977552:help
1538078983805:send-via-sqs asdf
1538079106685:send-via-sqs yeah!
1538079143920:send-via-sqs
1538079199493:send-via-sqs yeha
1538079208615:exit
1538079890479:help
1538079897787:send-via-jms
1538079959344:send-via-sqs ididid
1538080039972:help
1538080055240:send-via-jms aaaaaaa
1538080071932:send-via-sqs iiiii
